<?xml version="1.0" encoding="UTF-8"?>
<!-- Generated by org.testng.reporters.JUnitReportReporter -->
<testsuite hostname="DESKTOP-BA0E603" name="DriverFactory.DataDrivenFramework" tests="1" failures="0" timestamp="4 Feb 2020 04:15:53 GMT" time="44.906" errors="0">
  <testcase name="addEmployee" time="44.906" classname="DriverFactory.DataDrivenFramework"/>
</testsuite> <!-- DriverFactory.DataDrivenFramework -->
