<?xml version="1.0" encoding="UTF-8"?>
<!-- Generated by org.testng.reporters.JUnitReportReporter -->
<testsuite hostname="DESKTOP-BA0E603" name="Feb6.UsingWebdriverBrowser" tests="2" failures="0" timestamp="8 Feb 2020 14:25:54 GMT" time="19.947" errors="0">
  <testcase name="Login" time="8.024" classname="Feb6.UsingWebdriverBrowser"/>
  <testcase name="Login" time="11.923" classname="Feb6.UsingWebdriverBrowser"/>
</testsuite> <!-- Feb6.UsingWebdriverBrowser -->
