<?xml version="1.0" encoding="UTF-8"?>
<!-- Generated by org.testng.reporters.JUnitReportReporter -->
<testsuite hostname="DESKTOP-BA0E603" name="Feb6.Using_Grid" tests="2" failures="0" timestamp="7 Feb 2020 17:06:30 GMT" time="23.424" errors="0">
  <testcase name="Login" time="10.448" classname="Feb6.Using_Grid"/>
  <testcase name="Login" time="12.976" classname="Feb6.Using_Grid"/>
</testsuite> <!-- Feb6.Using_Grid -->
