<?xml version="1.0" encoding="UTF-8"?>
<!-- Generated by org.testng.reporters.JUnitReportReporter -->
<testsuite hostname="DESKTOP-BA0E603" name="DriverFactory.TestScript" tests="2" failures="0" timestamp="5 Feb 2020 07:03:29 GMT" time="92.080" errors="0">
  <testcase name="UserCreation" time="40.461" classname="DriverFactory.TestScript"/>
  <testcase name="empcreaton" time="51.619" classname="DriverFactory.TestScript"/>
</testsuite> <!-- DriverFactory.TestScript -->
